The system is: Windows - 10.0.19043 - AMD64
Compiling the CXX compiler identification source file "CMakeCXXCompilerId.cpp" succeeded.
Compiler: C:/Program Files (x86)/Microsoft Visual Studio/2019/Community/VC/Tools/MSVC/14.27.29110/bin/HostX64/x64/cl.exe 
Build flags: 
Id flags:  

The output was:
0
Оптимизирующий компилятор Microsoft (R) C/C++ версии 19.27.29111 для x64
(C) Корпорация Майкрософт (Microsoft Corporation).  Все права защищены.

CMakeCXXCompilerId.cpp
Microsoft (R) Incremental Linker Version 14.27.29111.0
Copyright (C) Microsoft Corporation.  All rights reserved.

/out:CMakeCXXCompilerId.exe 
CMakeCXXCompilerId.obj 


Compilation of the CXX compiler identification source "CMakeCXXCompilerId.cpp" produced "CMakeCXXCompilerId.exe"

Compilation of the CXX compiler identification source "CMakeCXXCompilerId.cpp" produced "CMakeCXXCompilerId.obj"

The CXX compiler identification is MSVC, found in "C:/Users/burma/Desktop/C++/HW/HW-40 unit tests/pr-1/build-PhoneBook-Desktop_Qt_5_15_2_MSVC2019_64bit-Release/CMakeFiles/3.21.1/CompilerIdCXX/CMakeCXXCompilerId.exe"

Detecting CXX compiler ABI info compiled with the following output:
Change Dir: C:/Users/burma/Desktop/C++/HW/HW-40 unit tests/pr-1/build-PhoneBook-Desktop_Qt_5_15_2_MSVC2019_64bit-Release/CMakeFiles/CMakeTmp

Run Build Command(s):C:/PROGRA~2/MIB055~1/2019/COMMUN~1/Common7/IDE/COMMON~1/MICROS~1/CMake/Ninja/ninja.exe cmTC_a29de && [1/2] Building CXX object CMakeFiles\cmTC_a29de.dir\CMakeCXXCompilerABI.cpp.obj
Примечание: включение файла:  C:\Qt\Tools\CMake_64\share\cmake-3.21\Modules\CMakeCompilerABI.h
[2/2] Linking CXX executable cmTC_a29de.exe



